This file contains any messages produced by compilers while
running configure, to aid debugging if configure makes a mistake.

It was created by configure, which was
generated by GNU Autoconf 2.59.  Invocation command line was

  $ ./configure 

## --------- ##
## Platform. ##
## --------- ##

hostname = atreya-m81de
uname -m = x86_64
uname -r = 5.10.89-1-MANJARO
uname -s = Linux
uname -v = #1 SMP PREEMPT Wed Dec 29 18:09:17 UTC 2021

/usr/bin/uname -p = unknown
/bin/uname -X     = unknown

/bin/arch              = unknown
/usr/bin/arch -k       = unknown
/usr/convex/getsysinfo = unknown
hostinfo               = unknown
/bin/machine           = unknown
/usr/bin/oslevel       = unknown
/bin/universe          = unknown

PATH: /home/atreyab/.nvm/versions/node/v14.18.0/bin
PATH: /home/atreyab/bin
PATH: /home/atreyab/Documents/Projects/Academic/deupty/deputy-1.1/bin
PATH: /home/atreyab/.nvm/versions/node/v14.18.0/bin
PATH: /home/atreyab/bin
PATH: /home/atreyab/.local/bin
PATH: /home/atreyab/.cargo/bin
PATH: /usr/local/bin
PATH: /usr/bin
PATH: /var/lib/snapd/snap/bin
PATH: /usr/local/sbin
PATH: /home/atreyab/.dotnet/tools
PATH: /usr/lib/jvm/default/bin
PATH: /usr/bin/site_perl
PATH: /usr/bin/vendor_perl
PATH: /usr/bin/core_perl


## ----------- ##
## Core tests. ##
## ----------- ##

configure:1305: checking for gcc
configure:1321: found /usr/bin/gcc
configure:1331: result: gcc
configure:1575: checking for C compiler version
configure:1578: gcc --version </dev/null >&5
gcc (GCC) 11.1.0
Copyright (C) 2021 Free Software Foundation, Inc.
This is free software; see the source for copying conditions.  There is NO
warranty; not even for MERCHANTABILITY or FITNESS FOR A PARTICULAR PURPOSE.

configure:1581: $? = 0
configure:1583: gcc -v </dev/null >&5
Using built-in specs.
COLLECT_GCC=gcc
COLLECT_LTO_WRAPPER=/usr/lib/gcc/x86_64-pc-linux-gnu/11.1.0/lto-wrapper
Target: x86_64-pc-linux-gnu
Configured with: /build/gcc/src/gcc/configure --prefix=/usr --libdir=/usr/lib --libexecdir=/usr/lib --mandir=/usr/share/man --infodir=/usr/share/info --with-bugurl=https://bugs.archlinux.org/ --enable-languages=c,c++,ada,fortran,go,lto,objc,obj-c++,d --with-isl --with-linker-hash-style=gnu --with-system-zlib --enable-__cxa_atexit --enable-cet=auto --enable-checking=release --enable-clocale=gnu --enable-default-pie --enable-default-ssp --enable-gnu-indirect-function --enable-gnu-unique-object --enable-install-libiberty --enable-linker-build-id --enable-lto --enable-multilib --enable-plugin --enable-shared --enable-threads=posix --disable-libssp --disable-libstdcxx-pch --disable-libunwind-exceptions --disable-werror gdc_include_dir=/usr/include/dlang/gdc
Thread model: posix
Supported LTO compression algorithms: zlib zstd
gcc version 11.1.0 (GCC) 
configure:1586: $? = 0
configure:1588: gcc -V </dev/null >&5
gcc: error: unrecognized command-line option '-V'
gcc: fatal error: no input files
compilation terminated.
configure:1591: $? = 1
configure:1614: checking for C compiler default output file name
configure:1617: gcc    conftest.c  >&5
configure:1620: $? = 0
configure:1666: result: a.out
configure:1671: checking whether the C compiler works
configure:1677: ./a.out
configure:1680: $? = 0
configure:1697: result: yes
configure:1704: checking whether we are cross compiling
configure:1706: result: no
configure:1709: checking for suffix of executables
configure:1711: gcc -o conftest    conftest.c  >&5
configure:1714: $? = 0
configure:1739: result: 
configure:1745: checking for suffix of object files
configure:1766: gcc -c   conftest.c >&5
configure:1769: $? = 0
configure:1791: result: o
configure:1795: checking whether we are using the GNU C compiler
configure:1819: gcc -c   conftest.c >&5
configure:1825: $? = 0
configure:1829: test -z 
			 || test ! -s conftest.err
configure:1832: $? = 0
configure:1835: test -s conftest.o
configure:1838: $? = 0
configure:1851: result: yes
configure:1857: checking whether gcc accepts -g
configure:1878: gcc -c -g  conftest.c >&5
configure:1884: $? = 0
configure:1888: test -z 
			 || test ! -s conftest.err
configure:1891: $? = 0
configure:1894: test -s conftest.o
configure:1897: $? = 0
configure:1908: result: yes
configure:1925: checking for gcc option to accept ANSI C
configure:1995: gcc  -c -g -O2  conftest.c >&5
configure:2001: $? = 0
configure:2005: test -z 
			 || test ! -s conftest.err
configure:2008: $? = 0
configure:2011: test -s conftest.o
configure:2014: $? = 0
configure:2032: result: none needed
configure:2050: gcc -c -g -O2  conftest.c >&5
conftest.c:2:3: error: unknown type name 'choke'
    2 |   choke me
      |   ^~~~~
conftest.c:2:3: error: expected '=', ',', ';', 'asm' or '__attribute__' at end of input
configure:2056: $? = 1
configure: failed program was:
| #ifndef __cplusplus
|   choke me
| #endif
configure:2227: checking for a BSD-compatible install
configure:2282: result: /usr/bin/install -c
configure:2300: checking build system type
configure:2318: result: x86_64-unknown-linux-gnu
configure:2326: checking host system type
configure:2340: result: x86_64-unknown-linux-gnu
configure:2348: checking target system type
configure:2362: result: x86_64-unknown-linux-gnu
configure:2394: result: configuring for x86_64-unknown-linux-gnu
configure:2439: checking for obj/x86_LINUX
configure:2454: result: yes
configure:2509: Configuring CIL:
configure:2702: creating ./config.status

## ---------------------- ##
## Running config.status. ##
## ---------------------- ##

This file was extended by config.status, which was
generated by GNU Autoconf 2.59.  Invocation command line was

  CONFIG_FILES    = 
  CONFIG_HEADERS  = 
  CONFIG_LINKS    = 
  CONFIG_COMMANDS = 
  $ ./config.status 

on atreya-m81de

config.status:665: creating Makefile
config.status:665: creating test/Makefile

## ---------------- ##
## Cache variables. ##
## ---------------- ##

ac_cv_build=x86_64-unknown-linux-gnu
ac_cv_build_alias=x86_64-unknown-linux-gnu
ac_cv_c_compiler_gnu=yes
ac_cv_env_CC_set=
ac_cv_env_CC_value=
ac_cv_env_CFLAGS_set=
ac_cv_env_CFLAGS_value=
ac_cv_env_CPPFLAGS_set=
ac_cv_env_CPPFLAGS_value=
ac_cv_env_LDFLAGS_set=
ac_cv_env_LDFLAGS_value=
ac_cv_env_build_alias_set=
ac_cv_env_build_alias_value=
ac_cv_env_host_alias_set=
ac_cv_env_host_alias_value=
ac_cv_env_target_alias_set=
ac_cv_env_target_alias_value=
ac_cv_exeext=
ac_cv_file_obj_x86_LINUX=yes
ac_cv_host=x86_64-unknown-linux-gnu
ac_cv_host_alias=x86_64-unknown-linux-gnu
ac_cv_objext=o
ac_cv_path_install='/usr/bin/install -c'
ac_cv_prog_ac_ct_CC=gcc
ac_cv_prog_cc_g=yes
ac_cv_prog_cc_stdc=
ac_cv_target=x86_64-unknown-linux-gnu
ac_cv_target_alias=x86_64-unknown-linux-gnu

## ----------------- ##
## Output variables. ##
## ----------------- ##

ARCHOS='x86_LINUX'
CC='gcc'
CFLAGS='-g -O2'
CPPFLAGS=''
CVCLINC='/usr/local/include'
CVCLLIB='/usr/local/lib'
DEFAULT_CIL_MODE='GNUCC'
DEFS='-DPACKAGE_NAME=\"\" -DPACKAGE_TARNAME=\"\" -DPACKAGE_VERSION=\"\" -DPACKAGE_STRING=\"\" -DPACKAGE_BUGREPORT=\"\" '
DEPUTYHOME='/home/atreyab/Documents/Projects/Academic/deupty/deputy-1.1'
DEPUTY_VERSION='1.1'
ECHO_C=''
ECHO_N='-n'
ECHO_T=''
EXEEXT=''
INSTALL_DATA='${INSTALL} -m 644'
INSTALL_PROGRAM='${INSTALL}'
INSTALL_SCRIPT='${INSTALL}'
LDFLAGS=''
LIBOBJS=''
LIBS=''
LINUX_DIR=''
LTLIBOBJS=''
OBJEXT='o'
OCAMLINC='/usr/lib/ocaml'
PACKAGE_BUGREPORT=''
PACKAGE_NAME=''
PACKAGE_STRING=''
PACKAGE_TARNAME=''
PACKAGE_VERSION=''
PATH_SEPARATOR=':'
SHELL='/bin/sh'
USE_CVCL='no'
USE_LINUX='no'
USE_MINE_OCT='no'
ac_ct_CC='gcc'
bindir='${exec_prefix}/bin'
build='x86_64-unknown-linux-gnu'
build_alias=''
build_cpu='x86_64'
build_os='linux-gnu'
build_vendor='unknown'
datadir='${prefix}/share'
exec_prefix='${prefix}'
host='x86_64-unknown-linux-gnu'
host_alias=''
host_cpu='x86_64'
host_os='linux-gnu'
host_vendor='unknown'
includedir='${prefix}/include'
infodir='${prefix}/info'
libdir='${exec_prefix}/lib'
libexecdir='${exec_prefix}/libexec'
localstatedir='${prefix}/var'
mandir='${prefix}/man'
oldincludedir='/usr/include'
prefix='/usr/local'
program_transform_name='s,x,x,'
sbindir='${exec_prefix}/sbin'
sharedstatedir='${prefix}/com'
sysconfdir='${prefix}/etc'
target='x86_64-unknown-linux-gnu'
target_alias=''
target_cpu='x86_64'
target_os='linux-gnu'
target_vendor='unknown'

## ----------- ##
## confdefs.h. ##
## ----------- ##

#define PACKAGE_BUGREPORT ""
#define PACKAGE_NAME ""
#define PACKAGE_STRING ""
#define PACKAGE_TARNAME ""
#define PACKAGE_VERSION ""

configure: exit 0
